Gestart op 2023-6-13 om 08:46:26
ZjbikSF1l5Jse0NcDPf/PNOqloy3W2e1lj9Zs8UFk/S0wARHeZt3LVjKuFN1l7EeoN54/9WEwUGo9N4mZbLgXkiaa+5Rbwjj7vTa2umquecU//MY7Sqpsgm/c3SSy1Vr
Ua7Yyi4gJj1yFNqN5kyW3NCZ3V0t4RxZq/eA1PPmfXzuNBgxmI0HcjsMgVE8ULcTMnu6zzXoCJzCLWMEmex78Py1z3MMAkw+gc7TC66EbmRatPYZivwXVUWpi/CzfqBtLmLpCu+8fOo+/iTOb2NSxukA5wzfAK92s41XJmzqjrL02rq2AfkuFAB5rejlcZOo
L6zM6JIYklss12CB0CDyEkCwMNqdFlTgRcHeg9RV9wvDSo+yQWlzFU0vOfWqCAqqxbOF1JMiOA0PZTVOCId9zBKP2AwFyZf8iupPpqCYU9AGmfsQUxN00kcmXUAobu+Pjl0SUb4xw6ReD9Vl2/4KJQ==
FV0yx66WrpTe+gbGMjb0O4tDuRaO05IB8z+g7QEQklmhJNClU6zESfq2y4aa9OM4tRYlLUSnifpz93u0nn/QwNlp7EIoqjZR25DRBEEytFONq9CedLzgC3PBBtHF9BrPDI0JgtiGjEeMbv9jTnLQojTL4pt+d0f3/1f1s50YbX1IC755qbKksmikE1IagLL1Rv1zcNkmNxd4h1KxqoLlHQ==
FV0yx66WrpTe+gbGMjb0O4tDuRaO05IB8z+g7QEQklmhJNClU6zESfq2y4aa9OM4tRYlLUSnifpz93u0nn/QwIcyzXqc68iB9/rAo5DXzcX8SGqAk+Pbx2eAMTqBff8URBojG+waZTqQDA3PlaTrqmPb2AT/T923ZjnTYRgAMbNG401EZDXjXaMcgIJ425O6tARONAA+kS8WiKvbErOqlA==
FV0yx66WrpTe+gbGMjb0O4tDuRaO05IB8z+g7QEQklmhJNClU6zESfq2y4aa9OM4tRYlLUSnifpz93u0nn/QwBoc+EfMF6oPEm7jV751bo5KfXsWtbsjMNxfnrVNI3HcQ98EByXr6H0vT7VqK8bBi7YDkVIFGm2qjUl7Ds5K971uqg+93DL03PTYJB8Zi7N7P0c8QnOyIrnSeRzbm/ojsw==
FV0yx66WrpTe+gbGMjb0O4tDuRaO05IB8z+g7QEQklmhJNClU6zESfq2y4aa9OM4tRYlLUSnifpz93u0nn/QwBN//GalY9hrQLiHhned7OHWYVt9lWofwkKOXlkA7NltpSuhajZ+OQD//7teqcrLhxutD4M1fTdYs3u9dY55EUMRrcFR1furHDZ/TfkiGai9lhfEuVXPeY13Ph1bcW+IZA==
FV0yx66WrpTe+gbGMjb0O4tDuRaO05IB8z+g7QEQklmhJNClU6zESfq2y4aa9OM4tRYlLUSnifpz93u0nn/QwAX4MU19rqwoxQQhVmrcuoH95NHG/kwyC/VWxz4VSI1L1yhyABSfcg0sCFLlc49xtMHrvzuPNfrhP4kphth+l/2DnMFampVibEY8Uk9g8gC4v/YCaQnGwQHoU3i5aPKN2A==
FV0yx66WrpTe+gbGMjb0O4tDuRaO05IB8z+g7QEQklmhJNClU6zESfq2y4aa9OM4tRYlLUSnifpz93u0nn/QwNirtwu+slr47Fi2N5kaMaSoaExbeoH96nnUjIIkmiAl34uX8+jUh1dNtB5H9SCt/zQCz0yPZYtKVJdAwqkPewuEyUy1ONzk4mT3qB1BJsBF9EgWVBvBzd+2lWT/LZ6eQA==
FV0yx66WrpTe+gbGMjb0O4tDuRaO05IB8z+g7QEQklmhJNClU6zESfq2y4aa9OM4tK/O5zrYRPm5/pNMgg5iWr+TUhO5K66gE4dGr1UTRs8R0HzLIw1ULDJ07kSOO6MLI369YCb7o6h/d6xOoJEYMt684Sg8ff0noq049t9qqjpn11DYCPHGmTIvfJq7A5/FdcwWN5nnciC3I/+t9U+fFw==
FV0yx66WrpTe+gbGMjb0O4tDuRaO05IB8z+g7QEQklmhJNClU6zESfq2y4aa9OM4tK/O5zrYRPm5/pNMgg5iWtduE2BDhuvp1cbvlK2L6+6Ezixa3mzdKBD3c3vR4PeEhpS8B5zRPwZ4iLB9+6UTFi1szZxvob2NWUGcn2Nn4212fUXvDg9LXwwbHgb2DFwXbGV2SX9w6BRr8XaJLt3/GA==
FV0yx66WrpTe+gbGMjb0O4tDuRaO05IB8z+g7QEQklmhJNClU6zESfq2y4aa9OM4tK/O5zrYRPm5/pNMgg5iWk2yGvS6Tulanp/UWVbcAOgJaVrHPI4zr1UOVERKzjncSgyNbe0I7ViejyUYsUsY5gYDqJsTqW9QU3FOnpozmwyEOACQMdvmf76uZwTX6LsL/exbXNFxIZ2VYJOZMY3FJQ==
FV0yx66WrpTe+gbGMjb0O4tDuRaO05IB8z+g7QEQklmhJNClU6zESfq2y4aa9OM4tK/O5zrYRPm5/pNMgg5iWqV4D9TO0s/RkBJHV6dI33BAnukVOuAN9ashO/Nozbziww6deWTE4TTD5/wQnD0RIeIEVO7/Zk3rgZvCzkdXFKnEmMbRwMovyoBRinQnRAlE9MWfkMhrCZTQQDAgrz6CTg==
FV0yx66WrpTe+gbGMjb0O4tDuRaO05IB8z+g7QEQklmhJNClU6zESfq2y4aa9OM4tK/O5zrYRPm5/pNMgg5iWn10UAhH6CVZduzLt/6T7OfM6zmXu8Mj1G4y2PUokvaCRazA1ql8hOtMJQNoGlrFxPupsfdPsgwhwR1C0bwiHMtDtnV25drxIf/xJgjCFHo8JkIYHV9S/iAOPIaSaINdeg==
FV0yx66WrpTe+gbGMjb0O4tDuRaO05IB8z+g7QEQklmhJNClU6zESfq2y4aa9OM4tK/O5zrYRPm5/pNMgg5iWmL9aEIxguwKBLz/3ohDt3xGUue22Qt44xVwUvysR5rrbmYf4ZOrlFZNO4n4zweK+H3MRUvfsyFEkRP9Uj72cc9yQNqoqr7aEJbkWXAAwy/Q9g7X5YNKs0z8vh8YaPM3nA==
FV0yx66WrpTe+gbGMjb0O4tDuRaO05IB8z+g7QEQklmhJNClU6zESfq2y4aa9OM4tK/O5zrYRPm5/pNMgg5iWg56WwEqzQcDBFmQ7CcRepsx1doRB8JlzIRbQWKg6isOdk5SViF0flFgWzpnLMlrPWyj5hmV4ky5wUmZfYwD+z1d07lWmIc8nz0qy63i56sWxkGYj2E9RGhdDDVweBkGGQ==
FV0yx66WrpTe+gbGMjb0O4tDuRaO05IB8z+g7QEQklmhJNClU6zESfq2y4aa9OM4tK/O5zrYRPm5/pNMgg5iWmfMFwwAsD7FrWSirfl5+fMPS0i4GLVqrM3j6xk/FG3XrE6d9Qbn2CSpvPRlR6BtezBQ3hPBIwwZJMXADrqmXm83jgUYdb1lcDwd7seGjnC9eH8dUCTraXcp9u4B7/7mEg==
FV0yx66WrpTe+gbGMjb0O4tDuRaO05IB8z+g7QEQklmhJNClU6zESfq2y4aa9OM4tK/O5zrYRPm5/pNMgg5iWkfUpx4pWQhGxh3G3RJj5veSknbpxGrzrPJm/uXYhHpW87AxeJsxaR/OtMia92d2h02HisVSa02goxjUSLgS8fH14ydfvlPG/YST/Fl5C8E/tqGH6oEw0iAts0eyxGhDaQ==
FV0yx66WrpTe+gbGMjb0O4tDuRaO05IB8z+g7QEQklmhJNClU6zESfq2y4aa9OM4tK/O5zrYRPm5/pNMgg5iWtgr2uO4+mXtXKck+FuD4eHo2UTPlKY9+/04t5ltbC8sDH0qFmwJaCTprAAwT2H/BT1VT4zCn0Yq+ZIUhNGu2fnAZMVYJGVdamCOrxbq1MpGZOh+Joj8hS8miqb5iY8pug==
FV0yx66WrpTe+gbGMjb0O4tDuRaO05IB8z+g7QEQklmhJNClU6zESfq2y4aa9OM4tK/O5zrYRPm5/pNMgg5iWjAMzr3CLHrzoqpzsQR4KealGQnwIM++bg4T0xdbK3xORx/Z4Luw+19gAmrINxm3vnUXV7iflzsm/ugaXxPspzxoE2jvA3IlyqodDYQepjU5S9RuMSSOYMEfjxji7eL+yQ==
FV0yx66WrpTe+gbGMjb0O4tDuRaO05IB8z+g7QEQklmhJNClU6zESfq2y4aa9OM4tK/O5zrYRPm5/pNMgg5iWsp3E/4brOk2L2oSWNCWsWnGY54eONRiXJWjr5k6iArsdGbG1tDDCh8dnz1Xw0S/yjMNbzAK4/WgwPBXQc5/3GJFUdZjzOmZ37q7d2ZiI5E7/fP2xNi+j1YVtRwVZQNNpw==
FV0yx66WrpTe+gbGMjb0O4tDuRaO05IB8z+g7QEQklmhJNClU6zESfq2y4aa9OM4tK/O5zrYRPm5/pNMgg5iWo+lH4ukGGe9otRkfv9bHntFxbmYTqBRjERDfhY1UMUzaVnv4Nl7BtCa45GmoJTmGFx7RtismpgoN/X48w64NSK6Xc9zY0y8SECxT9qPQGwfIetQ2rdT52Xmr2cUoORIYw==
FV0yx66WrpTe+gbGMjb0O4tDuRaO05IB8z+g7QEQklmhJNClU6zESfq2y4aa9OM4tK/O5zrYRPm5/pNMgg5iWqhg+TItWwXCyo+/Zwa6LE8mUMtgFlMZSWVB1bGXoWGFFcM8N2p/PoyGZgvSnv6PnuzwTzUpJvfX1gDJqL9hHgOff8Be/nKJ+vDiPlQWJxxhpCLb0wySuHuPn8UOTmkwvg==
FV0yx66WrpTe+gbGMjb0O4tDuRaO05IB8z+g7QEQklmhJNClU6zESfq2y4aa9OM4tK/O5zrYRPm5/pNMgg5iWhObm+3CUBQKWFINGfDgDTGcd4/NgVd5MSKFkQf5dJGcI75Dbtie5bhk0mJFoOj7r0wbqyT30ItiDZjUEr4ayD7YsZyE7FC2Q0CxnOBoL5eVBB7myvO5XxST6hokvSd1rg==
FV0yx66WrpTe+gbGMjb0O4tDuRaO05IB8z+g7QEQklmhJNClU6zESfq2y4aa9OM4tK/O5zrYRPm5/pNMgg5iWllqi8eWG2jVVI8+P5hBwhYNnDblcHg2tIV/9wzqdf3KfLq5qTvIAPqYZaf/HvpR5h+mMzxZNeP9NexSrEh/uRIzhbXUWYdVHTwtWBkJinNMLmR5ABC+ggEGnxvPb2y7LQ==
FV0yx66WrpTe+gbGMjb0O4tDuRaO05IB8z+g7QEQklmhJNClU6zESfq2y4aa9OM4tK/O5zrYRPm5/pNMgg5iWlqrTSju8M86X4PMFHdtXngtyhv7py7q/jPqhjvhHZpzvkRTla/7sIXKtezKt6gFPFWcSUxtWM9i3R0knnS06GQcbRL6tS4ajWfn8g3JaYsvkad1kfnT5tt8ZSxQ7Xn0eA==
FV0yx66WrpTe+gbGMjb0O4tDuRaO05IB8z+g7QEQklmhJNClU6zESfq2y4aa9OM4tK/O5zrYRPm5/pNMgg5iWhtLQvlw4rimHT+BT4PRvU6+m8uIMQAJvBzwMf3J1D8khiODAdvCnnpWtnvctnsrvAh4mVSRkszpGw9s/UCKi6KnkEdPHt52IV5HgA2lyHhXoPLidEwyhQutcBbCMrvCkw==
FV0yx66WrpTe+gbGMjb0O4tDuRaO05IB8z+g7QEQklmhJNClU6zESfq2y4aa9OM4tK/O5zrYRPm5/pNMgg5iWvlBd8n2q6nv6dNcWRCQt1cocATGvv8Zgg3311qqKj1kuEipQI7Y87bGTQEcwVbj4+MkMR+zwL8JMlXxAn+uHKUtGtK/cb7a0ZelhlaxaawQp724f/wYEB/Dyi7KXdVQWg==
FV0yx66WrpTe+gbGMjb0O4tDuRaO05IB8z+g7QEQklmhJNClU6zESfq2y4aa9OM4tK/O5zrYRPm5/pNMgg5iWtmyOLdA9gXA0hKtohe24GMhNM5x9BV2h01X7A8Lm2uNHDs1VfRQ9uS1Y1abDLV3mTLiQ0o2nx6hXO43OcIbx2X3Y5V5usyYB9DSXSbDWkSriwwDqPNgMqnZoFK8DSq6fA==
FV0yx66WrpTe+gbGMjb0O4tDuRaO05IB8z+g7QEQklmhJNClU6zESfq2y4aa9OM4tK/O5zrYRPm5/pNMgg5iWi/y8e/furTsKYncFoSdSnFZ4xzJKCJtcqGY772+shlQeXR0kRzIm6TogvUpxOuTzpAKrtxqQ7gd6Wmt97sfnYS+qbmTF3i1mjJwbykVXIGgen1HeL0RjGka6/4qWGrGOQ==
FV0yx66WrpTe+gbGMjb0O4tDuRaO05IB8z+g7QEQklmhJNClU6zESfq2y4aa9OM4tK/O5zrYRPm5/pNMgg5iWtOMocB6+Eaet/5WXCC0+fCYoOViXWSiJReeGQh/xgifSJo96mXWxyCSoIxCPwdLGW8+Rf5ELA7W10ZgnEH76//DQT8nFvthLMj/xVFM5BnoCqRUrg2vhqOb93yqgM6byQ==
FV0yx66WrpTe+gbGMjb0O4tDuRaO05IB8z+g7QEQklmhJNClU6zESfq2y4aa9OM4tK/O5zrYRPm5/pNMgg5iWvrDEwsr1Np53Zb90eVqUXuEq6nrJIHD/SeksZ/K2daYCJqspvnl5u66nfgOKnjXMbMhTo0b+643d4wyJ6AqaXt7F8FlhLxiC68QbwRLcu3zHWU7ziZFiw9QLDjXavwbdQ==
FV0yx66WrpTe+gbGMjb0O4tDuRaO05IB8z+g7QEQklmhJNClU6zESfq2y4aa9OM4tK/O5zrYRPm5/pNMgg5iWgcG4CGFHTnlCRv7DMBZ186cluJSPtETmKPqiPuukl4z57oEWQL1v6IySh2R+l+yVN9kc2RbMwbP18gjY6oaoum5YYGlHvoHUWY/6ApXckGUEkBbwLl3Bo9I7B9b6BpIBw==
FV0yx66WrpTe+gbGMjb0O4tDuRaO05IB8z+g7QEQklmhJNClU6zESfq2y4aa9OM4tK/O5zrYRPm5/pNMgg5iWkGMoEgvEy5YTckr7+7lTr4GxXapCSZvLGOf14i8RBMnucHSPk6I3IoNMXUp5G0fJJFyZTnws20oBXxCVDENmCQ+2iPGsrmnYW4vDBigFuR3MBJl1nGh1aaE9x1KevmXxg==
FV0yx66WrpTe+gbGMjb0O4tDuRaO05IB8z+g7QEQklmhJNClU6zESfq2y4aa9OM4tK/O5zrYRPm5/pNMgg5iWjdsski/UudnFk7OlxEyAQRqs2msBv7aiaOSAJFpopb6+1s9BLRZM41BZJ1/fu3O7TXXms+9WWot4Kd2xwL0+sa+8wGp6LucAk125RLJCMJQKk0F8Q2QfK9TjSrn6bvIrw==
FV0yx66WrpTe+gbGMjb0O4tDuRaO05IB8z+g7QEQklmhJNClU6zESfq2y4aa9OM4tK/O5zrYRPm5/pNMgg5iWrXQCzJ+RWmAnKPAik+kv2TpXQq0WasKnsTCc9DjqmT6B6wzQDooj6KxNG0ZPUeIgZdZYucrxpsB/ghjgkcJOMV4i2KMvet8uaHwTbSoxI94WnHiqQ9S7V0F8oPBTrpVDw==
FV0yx66WrpTe+gbGMjb0O4tDuRaO05IB8z+g7QEQklmhJNClU6zESfq2y4aa9OM4tK/O5zrYRPm5/pNMgg5iWrX1NJuagsoqQFYYvbr/LYV0ZTz/wB9jDxv+Gcf8qGU4AqAy9UyXAoVZxdxJrjr584KLtKGy562oz95TfX7DHPgOm3NraZrJnFXoahUGlNVv3s46GuBUYsMiEWjqOSRmmA==
FV0yx66WrpTe+gbGMjb0O4tDuRaO05IB8z+g7QEQklmhJNClU6zESfq2y4aa9OM4tK/O5zrYRPm5/pNMgg5iWvyzTBokzRRoP6dxATlIcAoOMs/ELoO4NV88iQlaI291sZKh9rgaYX3/3ZPW5v4gh5VGHO+9kfDXEEe/z5KNcIlRzXsVr5qAT2Wq+BK3DKLAnL1Pme9FmQfa4cgFwh5zQQ==
FV0yx66WrpTe+gbGMjb0O4tDuRaO05IB8z+g7QEQklmhJNClU6zESfq2y4aa9OM4tK/O5zrYRPm5/pNMgg5iWgi5pVHRy9BR+j1giV+cfO6zRbbLgQWcNsq/eqo4Q5BhCMMGG9YD5I7N9leZxiIWNOMd8B+JbaNz9flJy4Gaiv1IFO0hfWRI8+hS8ooNZ9+G3NQWw2kfXBRRyEXympykbQ==
FV0yx66WrpTe+gbGMjb0O4tDuRaO05IB8z+g7QEQklmhJNClU6zESfq2y4aa9OM4tK/O5zrYRPm5/pNMgg5iWoW9An7NOdXptZ2AyFPJXEZi/0+dnE4aCge3MgT2ZTqLONH3PZvZMuhnRyuml25laNXQWQ8UqEG0tcIzDi+DorGwRS7bUerDC8LNPujEBBRVi73uvwNy1VAz7iVvHKrV7Q==
FV0yx66WrpTe+gbGMjb0O4tDuRaO05IB8z+g7QEQklmhJNClU6zESfq2y4aa9OM4tK/O5zrYRPm5/pNMgg5iWi3BdEEvOEBVOo0WlNS0JwoJDJSic07vflB/y+p/7Vgy9O04Ln1ipW7UQ3O40NNdhEViTfX4WzEK9GEKTwXbKfUiL3JikWDWctmFCJIN2VLGFEjnFLPXeEQJ23CJFV6Cgg==
FV0yx66WrpTe+gbGMjb0O4tDuRaO05IB8z+g7QEQklmhJNClU6zESfq2y4aa9OM4tK/O5zrYRPm5/pNMgg5iWq8pxyplr1xjD5JqjVpUTv0800s4m3y1Ru4uu6oB7dgPAAPuaFycqcalGMLymwohLe4GPKGXtRR+uPsBHl1fgUzCMVkJgxtcNX8vQG02y1MUohyT/2nRITSnaGH0hS25uw==
FV0yx66WrpTe+gbGMjb0O4tDuRaO05IB8z+g7QEQklmhJNClU6zESfq2y4aa9OM4tK/O5zrYRPm5/pNMgg5iWrm2+no89TszAK64H0x59Ze1xKm+ObMuzeGNQkkVZ3GjdFj8IAK+PESaYBbyMRh6+d1ackxDmEUdOVlWAoIiNzM0/Y57ee5Yj3JvHuhV8KMq7q53alSNPGkHMNM3l4+cbA==
FV0yx66WrpTe+gbGMjb0O4tDuRaO05IB8z+g7QEQklmhJNClU6zESfq2y4aa9OM4tK/O5zrYRPm5/pNMgg5iWp/aZP19O3E/RIjCl3xW3Yks5AsTPS448SDlw/QA8930jraJLbiE1ZiTbBYK7jDA3BtMxJaL5ktKPFVXFtVbStUX6TlVExAHT+xCarGhtZcIESmCM440tGkYg8EebUfJkA==
FV0yx66WrpTe+gbGMjb0O4tDuRaO05IB8z+g7QEQklmhJNClU6zESfq2y4aa9OM4tK/O5zrYRPm5/pNMgg5iWoFSNIX9D2fv/+ZRmMiiW1ovac9zb+1O5Y00Upg9J1FDAMjDj3rzCJBmkpdfWkdu/s82U8eaUejCEcXYy4szDL2H5eOwTZwPqIPSnq2FGExq7Fmo0xoWa49s1qdpR0j5tQ==
FV0yx66WrpTe+gbGMjb0O4tDuRaO05IB8z+g7QEQklmhJNClU6zESfq2y4aa9OM4tK/O5zrYRPm5/pNMgg5iWkkDvff2IZKZxpyAkNQ1y2SsTsnGgMnDmuRZBcfKnsYj0Rh99x9TWpr11HbtkBZVWBKrX4NjSUX8JKy65CEyC3+ExhZKqa8c0Q8WGKBsxrNbISBeO4RXXPxXJd1M9lEZbA==
FV0yx66WrpTe+gbGMjb0O4tDuRaO05IB8z+g7QEQklmhJNClU6zESfq2y4aa9OM4tK/O5zrYRPm5/pNMgg5iWtdTc/6XVrqrT9qVq+P9D8MxuH56Qe20EINnUlDn6+HGuJsZTLLanBP+z78FU5aHPX47fDEIlNuGH2DCqYtZ7spWNVpj55+ZylSlgkF4o+71VnXCIDveYQXpioqY7Xox0Q==
FV0yx66WrpTe+gbGMjb0O4tDuRaO05IB8z+g7QEQklmhJNClU6zESfq2y4aa9OM4tK/O5zrYRPm5/pNMgg5iWh7+vd++YQgF+yRYgv3GkWLCv4LNlJZMVOXm7cBBgUOmG060VHTnljMbVZiuScd2S6afHjKMCNnVb7spWXwIdu5OB9OxoKk7LKSwnRR94Z5KhY0PwsQwEz/r0k8QmwWMUw==
FV0yx66WrpTe+gbGMjb0O4tDuRaO05IB8z+g7QEQklmhJNClU6zESfq2y4aa9OM4tK/O5zrYRPm5/pNMgg5iWhZq4GFEK/oqQSvC5HThwZQfN3XybNKpCqVjGq5qXzEbCe4AsgU+7Sk5IJW15p/b8Hz2uBC+Ulw+LeeL6KUXkBVuopKsda3FwLNHuzsNdEw+Qo0Z7ssdmydkT+2eByb9FA==
FV0yx66WrpTe+gbGMjb0O4tDuRaO05IB8z+g7QEQklmhJNClU6zESfq2y4aa9OM4tK/O5zrYRPm5/pNMgg5iWpWVmTehININJrUMaC/TXZ7GFiJhu+Aip8+/NbJGiJGmBuHnckXnaorFRc9LylXbD7KNZ91OsONXn/tKiEAtVie1SZ9B3WvR3O6QI1oAF2pxOhMcoK+iKp5CH+q2VIb1jA==
FV0yx66WrpTe+gbGMjb0O4tDuRaO05IB8z+g7QEQklmhJNClU6zESfq2y4aa9OM4tK/O5zrYRPm5/pNMgg5iWq2+xadlBhMRtXluLsN2W8VuU9oaSvWp/OmBdQBmHrGqQb4TSFtf7LTXzGAtc1+DQWjp8BihrXNSwGrodHKEV8qGJRz/7vPxRjjuHbr1Tb5wXRA1Ts09C0fCqJFbxHtmOQ==
FV0yx66WrpTe+gbGMjb0O4tDuRaO05IB8z+g7QEQklmhJNClU6zESfq2y4aa9OM4tK/O5zrYRPm5/pNMgg5iWovd1pd1lHgqxWlROhY+faD7swsgfiBFM+yW8bPrZS9mfpRqMgT3JNJiYb09dQITjECwsuuQMW1n5UxWKSMMmxLba9DMx4i9oRZz1xlg24WivEt6zDRtxx1uDkXeMM2z0A==
FV0yx66WrpTe+gbGMjb0O4tDuRaO05IB8z+g7QEQklmhJNClU6zESfq2y4aa9OM4tK/O5zrYRPm5/pNMgg5iWjY+NuxAS/A0Oj793bqQPweUuRLuUGCcr5OXzFiABTVEfZ2dsJ8+6f5x9nz59tAX7q17p11vLB9kk5O9qFnYBjnvS70u329yqBhgj93h9eW2AYYh5+b6eih28glCw4C9cQ==
FV0yx66WrpTe+gbGMjb0O4tDuRaO05IB8z+g7QEQklmhJNClU6zESfq2y4aa9OM4tK/O5zrYRPm5/pNMgg5iWr4T7yQuhkTIswwGjGo5InA6qC2pA7bH3dU3759ZTD57A+70rXDtvUn5F92co+k8vnZ2cp5czVsQPeBy+iye/Kfa3v4+njlrjYZdznaFBCYkOSE5Do/WpB0WuSiR/63N3Q==
FV0yx66WrpTe+gbGMjb0O4tDuRaO05IB8z+g7QEQklmhJNClU6zESfq2y4aa9OM4tK/O5zrYRPm5/pNMgg5iWmv9oACREhoQQrmZfNF1TwWNaL/5dNVDstAX37TK0T0ztgs89QNnjbE3LTi5vFQwmo/1d9oLXd8VO+X3iYVNiZKEIBVpirVzn0SsZv2TuakPQYdnmobb8JISqkDpUK9a9g==
FV0yx66WrpTe+gbGMjb0O4tDuRaO05IB8z+g7QEQklmhJNClU6zESfq2y4aa9OM4tK/O5zrYRPm5/pNMgg5iWtjD9b5KOvNbfbVukR47eOK6visprZP7JGMug+IE6UlIVzdRnvZIpxVuyoyVM49TTZg5WgCL+j6zhYHZUyjkkEfzeMbDpLMq7jtrcREr98iiWPQOMnFdIu7934KcGxXmPg==
FV0yx66WrpTe+gbGMjb0O4tDuRaO05IB8z+g7QEQklmhJNClU6zESfq2y4aa9OM4tK/O5zrYRPm5/pNMgg5iWgOPd/lyI+hxDxAUmXabOFEavrMBtts+DFAxxoGiU7pEW3Rl+to7XsHCF7zsBw0UEhZ3IojT/19qq0bj+mEpqlEnoGc3QSr7kQMYeGG6Q/W5tVakxF1u2Rr7/C0Liz2OtA==
FV0yx66WrpTe+gbGMjb0O4tDuRaO05IB8z+g7QEQklmhJNClU6zESfq2y4aa9OM4tK/O5zrYRPm5/pNMgg5iWuTbK7MWn/CYvtXFHnQ8y6wpJC5kL5S2/T8HNmhg4OZ+0a6UFFDxHe2ncJNT/c4SP9W71OO/PK8o6GhA0Kc5WScaq/ZarHaUwoDRWjNHdeIp33hFbAiYX6098/bLmxtBGQ==
FV0yx66WrpTe+gbGMjb0O4tDuRaO05IB8z+g7QEQklmhJNClU6zESfq2y4aa9OM4tK/O5zrYRPm5/pNMgg5iWuYQKUwuhU/bu1ZNcj8DmEQGSG9T9TX4GeLKe+xC0BV447sp3s/t6fpYmzgRWZi5eY5K/jAtMm9L28es+CWRq6GxnIJQIprZTLmZQlrzawfogS/mbWjotTLe/Av5vpu8tw==
FV0yx66WrpTe+gbGMjb0O4tDuRaO05IB8z+g7QEQklmhJNClU6zESfq2y4aa9OM4tK/O5zrYRPm5/pNMgg5iWu8uESusCGgkaqFLKmCXC9kUm5+eKshB057sOVqqJJJi//anNGWaroD4Bc4bBHf71vi1niwi3joXhBxmtrMd3FdXUfjM6oICSxl6LXsE52IrmRCguNf/wWSHjYW8waVrhQ==
FV0yx66WrpTe+gbGMjb0O4tDuRaO05IB8z+g7QEQklmhJNClU6zESfq2y4aa9OM4tK/O5zrYRPm5/pNMgg5iWizlal13HcRrvH2qFlrY7QqQxu9AAYkaiIkV6BTl8W6LqbkLfhanbHWtkbOt7xf8yQPg8iylPl6TXqRQTV84yai/D2PymA6sTzeVoUheEUP4hArFkZaFWEYQ8AsTX2ErpQ==
FV0yx66WrpTe+gbGMjb0O4tDuRaO05IB8z+g7QEQklmhJNClU6zESfq2y4aa9OM4tK/O5zrYRPm5/pNMgg5iWvojDaSh9f3Xsp6hJcqfrcF27c65mFHnklarmc//cSfD5eb8zheXcbG/guSYFA3G9a4YU0wJ+2dIfgcQ1JZJgaWlIxjDyVKnHBb5Qk61T9FkNFBqf6ujErcXCitkquufFg==
FV0yx66WrpTe+gbGMjb0O4tDuRaO05IB8z+g7QEQklmhJNClU6zESfq2y4aa9OM4tK/O5zrYRPm5/pNMgg5iWhay0VahZiUg3gjbYHBaL6YUe6kgipOE7nJZbjTE/hCp5y78H6e3d7WfHRRExydemC0a4AlSvgDxsuTOdOkyLsb7UCa1jlX6OPfEzwBNMKeuVedAkwVXdSDXDtlht4Ox5g==
FV0yx66WrpTe+gbGMjb0O4tDuRaO05IB8z+g7QEQklmhJNClU6zESfq2y4aa9OM4tK/O5zrYRPm5/pNMgg5iWiFfWgMGYV38B4G/UCX6Ro0RdjNE2WnIhlQu0ZKJD/WT5zJUwxjraBxeeD2/gaVYg3Pc0/TLSOrb6f022VMAS3fGxL4Hom67cLltYA4PzG5SLNXNRoH18ldecSdijmaHdw==
FV0yx66WrpTe+gbGMjb0O4tDuRaO05IB8z+g7QEQklmhJNClU6zESfq2y4aa9OM4tK/O5zrYRPm5/pNMgg5iWvwa5C7pi0AG7/Yg46xFSmtHaxzuk7Pueek8rIqUxTqPHdz35nHTcX05bZCs1wuOeLHXXKa5HK0u0XR6Q9GhRoGdArPuqkk22SqwE55g4KlqJPMnUMhwuhnrtyJ4gbUXsQ==
FV0yx66WrpTe+gbGMjb0O4tDuRaO05IB8z+g7QEQklmhJNClU6zESfq2y4aa9OM4tK/O5zrYRPm5/pNMgg5iWjZ59f9yFztyXoNd2C/ja7xw6N9Ko/FCCQRNMbJ5bo9UsgQSr3Tt3iSmUolENTwFeGSMWbMpTXhN8zOGyGCvrbxFcoN7y0AZ7NvAN11JV/3bFgK7Yo89paDg12CH6ZkzNg==
FV0yx66WrpTe+gbGMjb0O4tDuRaO05IB8z+g7QEQklmhJNClU6zESfq2y4aa9OM4tK/O5zrYRPm5/pNMgg5iWvVclIJQkzwHAodkR5XwyfShLAjnDWVfpmsvoeE4saNrY7yvlBxAIvzD+RJrC+BjZHc28yM4YLqPUZ+m6qHfdnHNkuWxdtt+cMpgYKdVthby6Dev9TpngVCYeobANdjflw==
FV0yx66WrpTe+gbGMjb0O4tDuRaO05IB8z+g7QEQklmhJNClU6zESfq2y4aa9OM4tK/O5zrYRPm5/pNMgg5iWvSZDWtJR5qjOB0tfcchAd3Ch/j4h4oV6XK9zUqZMtm9x+Fc90UHWhleiXfpaTDa9O0rACDwCe5L3GS9Z1uVu5hzkUY2V+x9Q/OCKa9meIV+1JALlwvBzDgAicSX3FNbSw==
FV0yx66WrpTe+gbGMjb0O4tDuRaO05IB8z+g7QEQklmhJNClU6zESfq2y4aa9OM4tK/O5zrYRPm5/pNMgg5iWtgJ1L+Rkb4oRdF6mLTtWxo4azFfbgZrgKDPQD/HkgwuRT9Pi+FbhipY1psrKGLSQb0Au+/pLMqDafYGu87NGn8fR8KQO4OV303DsnJNO/ZfLUb3dsg1kVE3KClEQP/Cdg==
FV0yx66WrpTe+gbGMjb0O4tDuRaO05IB8z+g7QEQklmhJNClU6zESfq2y4aa9OM4tK/O5zrYRPm5/pNMgg5iWogkYtaG6OYPsiafXqml6OeLOxhs9BtZAIS0GlkoT9RD7f9B8NTAikk/1eP/D0nvBW13r4r2SEYCwiAjiaalnhGQTbiXvK+KWqc3+clPAmpkPKYtO2gdXh6bZv9uoEmQmQ==
L6zM6JIYklss12CB0CDyEkCwMNqdFlTgRcHeg9RV9wv3ukwKHfvUVznTDDFh0usQbJx91Y7DhWV5behmROUOJ5Yt5a24F6S6t02OBMTITskDaujZjmgv7ghonI73HLSg
L6zM6JIYklss12CB0CDyEkCwMNqdFlTgRcHeg9RV9wv3ukwKHfvUVznTDDFh0usQsDz8+tPw5Kmznst7EFPd6Xkhw9ANvfVxv3ys3GqgJ2wwNykViZgb+CuOv0HGpEyjUiJEUISmtJK/mUBmrSMYzw==
L6zM6JIYklss12CB0CDyEkCwMNqdFlTgRcHeg9RV9wv3ukwKHfvUVznTDDFh0usQg5DYqlM6Br7hPFudHNuQCROukEoiWZQ8/i8y1Twj34/5/SpBd6syvGDpXYs485TXV3bO6gM+yAOohLdEZY0/dQ==
L6zM6JIYklss12CB0CDyEkCwMNqdFlTgRcHeg9RV9wvDSo+yQWlzFU0vOfWqCAqqKLQGWvi8CWCAUCPQHWrWv06366lDu6wEDhE9K7iPZemBoP/9cbNJPExg5nNlU/V4ES4Tpi/uRCIR2BA76UMxOQ==
L6zM6JIYklss12CB0CDyEkCwMNqdFlTgRcHeg9RV9wvDSo+yQWlzFU0vOfWqCAqqI5NytNyV985aeN3UNnRDguUGkSns1jX11Gjag3zH4EzVu3N3o23CXLEZaq86DAgXnTqQhrQnP8oqbsa6kHatNQ==
L6zM6JIYklss12CB0CDyEkCwMNqdFlTgRcHeg9RV9wvDSo+yQWlzFU0vOfWqCAqqxbOF1JMiOA0PZTVOCId9zDMISlCpeMhNDwpRL67pmgltiqtwhwMQbGod6NqzCMsWZZXvU6FFdMTQvCNC9c6reQ==
16pNf0sa8tTDNPK0A1d9Ft7DqKbLi9rkuiuWQ89DC2160WIwH6cQonUFYiy30l5wEvhEgBIkxdOYUpBc6iicL5IwcpWJb/kH5iHvhw+eDPRxRKGSWwuDP7xrzeLZpLw5bd/6BTTBLuV74DFz2s2SA2P98SDm4wznS5VthdCaSbsmOjEsb7Y+0p3J47JHnD+4dqesmLbTMeRMBrsUt2XTqhs0r6/ojfSM5TLKjPo3WxFTUr07Wg8RHLce2bIH45hYnH5dncmqgkysJgFXVKrNv0989KpBb68WJI6b8oDDbVMT5dGmwE3dsEPj+b6G+ilz94RKceAgS4mca4UeVvLsokoWPr5FInSe2zO6k4e9qXDOKh94C1ePN1rKoFRoz28NNU2x9rjtyPY3z8kzi87Mn7XxuyvTfzD4Huv/kRGdysV9jLdop+Nt/RryB8Ix8FJal0wxZatg55PsX5NUsNO20m5wanW9LN1CvWpwClNUtIE=
16pNf0sa8tTDNPK0A1d9Ft7DqKbLi9rkuiuWQ89DC2160WIwH6cQonUFYiy30l5wBSYtqfTVqv3rp0Vpda9IudvuExnDXsRlBY4jeJ5/BBmJpGtkMOWSRZeH3aDnOXjhpzxlCaj4kWToSq4dp8ghN29Zxf06sdwAsAQvGxwk4svVIv7kO3ENXUOCDrxdfqfst0lLmFONO9dqDINjwnWRHRxUowXsXYnyfV242AE5pZT/uAeR+Jn/P77FyYh38SnHHdoqle4FqVADYVGIJLz37irZAqTtz864JIIUcfZfjFdU9KFbqflM2FGaMttMyVz5KXqGry3Seq2vOQPvM/KSkPz5HMdy9DjxwUeDA+ZP1FR6OPN2qUIL25J3DwvQCEgfIt7fIbrJVddYB/Bv0z2QCuoAPezutcKL4/tRQUmGgE1ryRUueLc1prlbpmUK9j3nAOsWoUVyiMu/dtuDhJ5/RA==
16pNf0sa8tTDNPK0A1d9Ft7DqKbLi9rkuiuWQ89DC2160WIwH6cQonUFYiy30l5wEvhEgBIkxdOYUpBc6iicL+py8b7/2nBZ1X7Y2psiAwpjtymeBC8QmHoPkCAC8fssVHyxqv3u22z4NKzAPj+1xDmMB5T06ttJiX5qxKBuZ73boA5l+pJjPFd5nhCA6wN31QboY00Z0X9uQz1vNxR+nk97AIpFgxdnC499goc5KswlfspBqfgUXOERHoS7Njjwjem4s9+baNrAMU3tQxlrc7hpIZm26AmXwJAlIanPS1AHVBYxTScXsXBv4wksdr8zaf11kp4L4AJDGIFCEsFLofkghFoqReHyUDhSEhhwdIxrF38XbPfG1LdUsEdw13IVc2MVlHVxV8v7rzqtyfEJUCcfMDkjyhcwfv9UweCjucYt9q/6bGuiFk7kK1Bf9mxm
16pNf0sa8tTDNPK0A1d9Ft7DqKbLi9rkuiuWQ89DC2160WIwH6cQonUFYiy30l5wBSYtqfTVqv3rp0Vpda9IuTslvYT/67W0CewEV/PN3yjcc4lB7D/1xJxPZ66AWJX52CqZpgLCVX3X8g7kvCoO9mdm3BrNraMV2zGopvG4F1CZVf4Bp6V6szMyOQjHd/2hHLegDwg6tBJoJcBMLsgJ8O5DUAb+ox3zZTb4cWJrBDp/B9coWokwuLdjN2NknssEZVNTZIUeXpYG4akuLXbCDANTPMMFDLxWK2LXNQuN/3+aeyOIvtAtD79SUksntpPK
+df32p4tVImgIWHm5xtVLM1zE6YQEf47m/TZjBdaA3Nzm/IiDjvkiX3025Zqk8BECHsT5/C0ty1sGmwHo2hn3RegPhfz6M0OsQJUJ1ZX+Fo=
Gestopt op 2023-6-13 om 11:15:26
IntegrityXNgA1ADkANwA=NgA1ADkANwA=X
